app/build/outputs/logs/manifest-merger-debug-report.txt
-- Merging decision tree log ---
manifest
ADDED from src\main\AndroidManifest.xml:2:1-37:12
	package
		ADDED from src\main\AndroidManifest.xml:3:4-37
		INJECTED from src\main\AndroidManifest.xml
		INJECTED from src\main\AndroidManifest.xml
	android:versionName
		ADDED from src\main\AndroidManifest.xml:5:7-32
		INJECTED from src\main\AndroidManifest.xml
		INJECTED from src\main\AndroidManifest.xml
	android:versionCode
		ADDED from src\main\AndroidManifest.xml:4:7-30
		INJECTED from src\main\AndroidManifest.xml
		INJECTED from src\main\AndroidManifest.xml
	xmlns:android
		ADDED from src\main\AndroidManifest.xml:2:11-69
uses-sdk
ADDED from src\main\AndroidManifest.xml:6:5-74
	android:targetSdkVersion
		ADDED from src\main\AndroidManifest.xml:6:43-72
		INJECTED from src\main\AndroidManifest.xml
		INJECTED from src\main\AndroidManifest.xml
	android:minSdkVersion
		ADDED from src\main\AndroidManifest.xml:6:15-41
		INJECTED from src\main\AndroidManifest.xml
		INJECTED from src\main\AndroidManifest.xml
uses-permission#android.permission.INTERNET
ADDED from src\main\AndroidManifest.xml:7:2-63
	android:name
		ADDED from src\main\AndroidManifest.xml:7:19-61
uses-permission#android.permission.RECEIVE_BOOT_COMPLETED
ADDED from src\main\AndroidManifest.xml:8:2-78
	android:name
		ADDED from src\main\AndroidManifest.xml:8:19-75
application
ADDED from src\main\AndroidManifest.xml:9:5-36:19
	android:label
		ADDED from src\main\AndroidManifest.xml:9:75-107
	android:allowBackup
		ADDED from src\main\AndroidManifest.xml:9:18-44
	android:icon
		ADDED from src\main\AndroidManifest.xml:9:45-74
activity#profanity.mofogames.org.ProfaneActivity
ADDED from src\main\AndroidManifest.xml:10:9-16:20
	android:label
		ADDED from src\main\AndroidManifest.xml:11:19-51
	android:name
		ADDED from src\main\AndroidManifest.xml:10:19-73
intent-filter#android.intent.action.MAIN+android.intent.category.LAUNCHER
ADDED from src\main\AndroidManifest.xml:12:13-15:29
action#android.intent.action.MAIN
ADDED from src\main\AndroidManifest.xml:13:17-69
	android:name
		ADDED from src\main\AndroidManifest.xml:13:25-66
category#android.intent.category.LAUNCHER
ADDED from src\main\AndroidManifest.xml:14:17-77
	android:name
		ADDED from src\main\AndroidManifest.xml:14:27-74
activity#profanity.mofogames.org.About
ADDED from src\main\AndroidManifest.xml:17:9-20:20
	android:label
		ADDED from src\main\AndroidManifest.xml:18:10-45
	android:theme
		ADDED from src\main\AndroidManifest.xml:19:10-53
	android:name
		ADDED from src\main\AndroidManifest.xml:17:19-40
activity#profanity.mofogames.org.Preferences
ADDED from src\main\AndroidManifest.xml:21:10-23:20
	android:label
		ADDED from src\main\AndroidManifest.xml:22:10-51
	android:name
		ADDED from src\main\AndroidManifest.xml:21:20-47
activity#profanity.mofogames.org.DictionaryListView
ADDED from src\main\AndroidManifest.xml:24:9-26:20
	android:label
		ADDED from src\main\AndroidManifest.xml:25:10-50
	android:name
		ADDED from src\main\AndroidManifest.xml:24:19-53
activity#profanity.mofogames.org.DictionaryActivity
ADDED from src\main\AndroidManifest.xml:27:9-29:20
	android:label
		ADDED from src\main\AndroidManifest.xml:28:10-50
	android:name
		ADDED from src\main\AndroidManifest.xml:27:19-53
service#profanity.mofogames.org.AcceleromterService
ADDED from src\main\AndroidManifest.xml:30:9-55
	android:name
		ADDED from src\main\AndroidManifest.xml:30:18-52
receiver#profanity.mofogames.org.BootBroadcastReceiver
ADDED from src\main\AndroidManifest.xml:31:3-35:14
	android:name
		ADDED from src\main\AndroidManifest.xml:31:13-50
intent-filter#android.intent.action.BOOT_COMPLETED
ADDED from src\main\AndroidManifest.xml:32:8-34:23
action#android.intent.action.BOOT_COMPLETED
ADDED from src\main\AndroidManifest.xml:33:12-74
	android:name
		ADDED from src\main\AndroidManifest.xml:33:20-71